#
# There is insufficient memory for the Java Runtime Environment to continue.
# Native memory allocation (malloc) failed to allocate 2097152 bytes for AllocateHeap
# Possible reasons:
#   The system is out of physical RAM or swap space
#   The process is running with CompressedOops enabled, and the Java Heap may be blocking the growth of the native heap
# Possible solutions:
#   Reduce memory load on the system
#   Increase physical memory or swap space
#   Check if swap backing store is full
#   Decrease Java heap size (-Xmx/-Xms)
#   Decrease number of Java threads
#   Decrease Java thread stack sizes (-Xss)
#   Set larger code cache with -XX:ReservedCodeCacheSize=
#   JVM is running with Unscaled Compressed Oops mode in which the Java heap is
#     placed in the first 4GB address space. The Java Heap base address is the
#     maximum limit for the native heap growth. Please use -XX:HeapBaseMinAddress
#     to set the Java Heap base and to place the Java Heap above 4GB virtual address.
# This output file may be truncated or incomplete.
#
#  Out of Memory Error (allocation.cpp:44), pid=28808, tid=28228
#
# JRE version: OpenJDK Runtime Environment Temurin-17.0.9+9 (17.0.9+9) (build 17.0.9+9)
# Java VM: OpenJDK 64-Bit Server VM Temurin-17.0.9+9 (17.0.9+9, mixed mode, emulated-client, tiered, compressed oops, compressed class ptrs, g1 gc, windows-amd64)
# No core dump will be written. Minidumps are not enabled by default on client versions of Windows
#

---------------  S U M M A R Y ------------

Command Line: -XX:+HeapDumpOnOutOfMemoryError -Xmx1024m -Dsts.lsp.client=vscode -Dsts.log.file=/dev/null -XX:TieredStopAtLevel=1 -Xlog:jni+resolve=off -Dspring.config.location=file:c:\Users\rodriguezjuacam\.vscode\extensions\vmware.vscode-spring-boot-1.51.0\language-server\BOOT-INF\classes\application.properties org.springframework.ide.vscode.boot.app.BootLanguageServerBootApp

Host: Intel(R) Core(TM) i5-1035G1 CPU @ 1.00GHz, 8 cores, 15G,  Windows 10 , 64 bit Build 19041 (10.0.19041.3155)
Time: Tue Jan 30 15:49:15 2024 Hora est. Pacífico, Sudamérica elapsed time: 18345.555135 seconds (0d 5h 5m 45s)

---------------  T H R E A D  ---------------

Current thread (0x0000019acfaba3e0):  VMThread "VM Thread" [stack: 0x0000004ce2900000,0x0000004ce2a00000] [id=28228]

Stack: [0x0000004ce2900000,0x0000004ce2a00000]
Native frames: (J=compiled Java code, j=interpreted, Vv=VM code, C=native code)
V  [jvm.dll+0x67cf49]
V  [jvm.dll+0x83478a]
V  [jvm.dll+0x83624e]
V  [jvm.dll+0x8368b3]
V  [jvm.dll+0x247f1f]
V  [jvm.dll+0xa6b4b]
V  [jvm.dll+0x2f8f01]
V  [jvm.dll+0x2f4af0]
V  [jvm.dll+0x2dd0d7]
V  [jvm.dll+0x320357]
V  [jvm.dll+0x83adab]
V  [jvm.dll+0x83baf1]
V  [jvm.dll+0x83c00d]
V  [jvm.dll+0x83c3e4]
V  [jvm.dll+0x83c4b0]
V  [jvm.dll+0x7e3c3a]
V  [jvm.dll+0x67be35]
C  [ucrtbase.dll+0x21bb2]
C  [KERNEL32.DLL+0x17614]
C  [ntdll.dll+0x526b1]

VM_Operation (0x0000004ce41fef30): G1CollectFull, mode: safepoint, requested by thread 0x0000019acfb14760


---------------  P R O C E S S  ---------------

Threads class SMR info:
_java_thread_list=0x0000019ad4b99170, length=51, elements={
0x0000019acfade020, 0x0000019acfadecf0, 0x0000019acfb04800, 0x0000019acfb050d0,
0x0000019acfb05bb0, 0x0000019acfb12900, 0x0000019acfb1b1c0, 0x0000019acfb1fae0,
0x0000019acfb12e10, 0x0000019acfb160b0, 0x0000019acfb15690, 0x0000019acfb14760,
0x0000019acfb13830, 0x0000019acfb13320, 0x0000019acfb13d40, 0x0000019acfb14250,
0x0000019ad5516ae0, 0x0000019ad551cb10, 0x0000019ad551a7a0, 0x0000019ad5517a10,
0x0000019ad551c0f0, 0x0000019ad551c600, 0x0000019ad5517f20, 0x0000019ad551acb0,
0x0000019ad551b1c0, 0x0000019ad551bbe0, 0x0000019ad551da40, 0x0000019acfb14c70,
0x0000019acfb15ba0, 0x0000019ad63d6d20, 0x0000019ad63d4ec0, 0x0000019ad63d3060,
0x0000019ad63d6300, 0x0000019ad63d49b0, 0x0000019ad63d3a80, 0x0000019ad63d8160,
0x0000019ad63da4d0, 0x0000019ad63d9fc0, 0x0000019ad63d3570, 0x0000019ad63d53d0,
0x0000019ad63d58e0, 0x0000019ad63d9ab0, 0x0000019ad63d95a0, 0x0000019ad63d5df0,
0x0000019ad63d44a0, 0x0000019ad63d3f90, 0x0000019ad63d8b80, 0x0000019ad63d7740,
0x0000019ad5519360, 0x0000019ad5517500, 0x0000019ad5518430
}

Java Threads: ( => current thread )
  0x0000019acfade020 JavaThread "Reference Handler" daemon [_thread_blocked, id=26916, stack(0x0000004ce2a00000,0x0000004ce2b00000)]
  0x0000019acfadecf0 JavaThread "Finalizer" daemon [_thread_blocked, id=2964, stack(0x0000004ce2b00000,0x0000004ce2c00000)]
  0x0000019acfb04800 JavaThread "Signal Dispatcher" daemon [_thread_blocked, id=11276, stack(0x0000004ce2c00000,0x0000004ce2d00000)]
  0x0000019acfb050d0 JavaThread "Attach Listener" daemon [_thread_blocked, id=29092, stack(0x0000004ce2d00000,0x0000004ce2e00000)]
  0x0000019acfb05bb0 JavaThread "Service Thread" daemon [_thread_blocked, id=18032, stack(0x0000004ce2e00000,0x0000004ce2f00000)]
  0x0000019acfb12900 JavaThread "Monitor Deflation Thread" daemon [_thread_blocked, id=24152, stack(0x0000004ce2f00000,0x0000004ce3000000)]
  0x0000019acfb1b1c0 JavaThread "C1 CompilerThread0" daemon [_thread_blocked, id=26136, stack(0x0000004ce3000000,0x0000004ce3100000)]
  0x0000019acfb1fae0 JavaThread "Sweeper thread" daemon [_thread_blocked, id=3576, stack(0x0000004ce3100000,0x0000004ce3200000)]
  0x0000019acfb12e10 JavaThread "Notification Thread" daemon [_thread_blocked, id=27664, stack(0x0000004ce3200000,0x0000004ce3300000)]
  0x0000019acfb160b0 JavaThread "Common-Cleaner" daemon [_thread_blocked, id=29384, stack(0x0000004ce3400000,0x0000004ce3500000)]
  0x0000019acfb15690 JavaThread "boundedElastic-evictor-1" daemon [_thread_blocked, id=18540, stack(0x0000004ce3b00000,0x0000004ce3c00000)]
  0x0000019acfb14760 JavaThread "pool-12-thread-1" [_thread_blocked, id=28872, stack(0x0000004ce4100000,0x0000004ce4200000)]
  0x0000019acfb13830 JavaThread "LanguageServerApp-lifecycle" [_thread_blocked, id=24816, stack(0x0000004ce4200000,0x0000004ce4300000)]
  0x0000019acfb13320 JavaThread "DestroyJavaVM" [_thread_blocked, id=22636, stack(0x0000004ce2300000,0x0000004ce2400000)]
  0x0000019acfb13d40 JavaThread "pool-13-thread-1" [_thread_in_native, id=29316, stack(0x0000004ce4300000,0x0000004ce4400000)]
  0x0000019acfb14250 JavaThread "Simple-Language-Server main thread" daemon [_thread_blocked, id=28120, stack(0x0000004ce4400000,0x0000004ce4500000)]
  0x0000019ad5516ae0 JavaThread "pool-8-thread-1" [_thread_blocked, id=20028, stack(0x0000004ce4900000,0x0000004ce4a00000)]
  0x0000019ad551cb10 JavaThread "parallel-1" daemon [_thread_blocked, id=20092, stack(0x0000004ce4a00000,0x0000004ce4b00000)]
  0x0000019ad551a7a0 JavaThread "parallel-2" daemon [_thread_blocked, id=3600, stack(0x0000004ce4b00000,0x0000004ce4c00000)]
  0x0000019ad5517a10 JavaThread "pool-6-thread-1" [_thread_blocked, id=16408, stack(0x0000004ce4c00000,0x0000004ce4d00000)]
  0x0000019ad551c0f0 JavaThread "parallel-3" daemon [_thread_blocked, id=24704, stack(0x0000004ce4d00000,0x0000004ce4e00000)]
  0x0000019ad551c600 JavaThread "parallel-4" daemon [_thread_blocked, id=14732, stack(0x0000004ce4e00000,0x0000004ce4f00000)]
  0x0000019ad5517f20 JavaThread "parallel-5" daemon [_thread_blocked, id=28912, stack(0x0000004ce4f00000,0x0000004ce5000000)]
  0x0000019ad551acb0 JavaThread "parallel-6" daemon [_thread_blocked, id=25916, stack(0x0000004ce5100000,0x0000004ce5200000)]
  0x0000019ad551b1c0 JavaThread "parallel-7" daemon [_thread_blocked, id=9420, stack(0x0000004ce5200000,0x0000004ce5300000)]
  0x0000019ad551bbe0 JavaThread "parallel-8" daemon [_thread_blocked, id=16596, stack(0x0000004ce5300000,0x0000004ce5400000)]
  0x0000019ad551da40 JavaThread "Reconciler-1" daemon [_thread_blocked, id=29572, stack(0x0000004ce5400000,0x0000004ce5500000)]
  0x0000019acfb14c70 JavaThread "pool-9-thread-1" [_thread_blocked, id=13200, stack(0x0000004ce5600000,0x0000004ce5700000)]
  0x0000019acfb15ba0 JavaThread "pool-9-thread-2" [_thread_blocked, id=23188, stack(0x0000004ce5700000,0x0000004ce5800000)]
  0x0000019ad63d6d20 JavaThread "pool-9-thread-3" [_thread_blocked, id=15496, stack(0x0000004ce5c00000,0x0000004ce5d00000)]
  0x0000019ad63d4ec0 JavaThread "pool-9-thread-4" [_thread_blocked, id=5944, stack(0x0000004ce5e00000,0x0000004ce5f00000)]
  0x0000019ad63d3060 JavaThread "pool-9-thread-5" [_thread_blocked, id=14832, stack(0x0000004ce5f00000,0x0000004ce6000000)]
  0x0000019ad63d6300 JavaThread "pool-9-thread-6" [_thread_blocked, id=14968, stack(0x0000004ce6000000,0x0000004ce6100000)]
  0x0000019ad63d49b0 JavaThread "pool-9-thread-7" [_thread_blocked, id=25288, stack(0x0000004ce6100000,0x0000004ce6200000)]
  0x0000019ad63d3a80 JavaThread "pool-9-thread-8" [_thread_blocked, id=10404, stack(0x0000004ce6200000,0x0000004ce6300000)]
  0x0000019ad63d8160 JavaThread "pool-9-thread-9" [_thread_blocked, id=24944, stack(0x0000004ce6300000,0x0000004ce6400000)]
  0x0000019ad63da4d0 JavaThread "pool-9-thread-10" [_thread_blocked, id=3056, stack(0x0000004ce6400000,0x0000004ce6500000)]
  0x0000019ad63d9fc0 JavaThread "pool-7-thread-1" [_thread_blocked, id=28700, stack(0x0000004ce6500000,0x0000004ce6600000)]
  0x0000019ad63d3570 JavaThread "RMI Scheduler(0)" daemon [_thread_blocked, id=29360, stack(0x0000004ce6800000,0x0000004ce6900000)]
  0x0000019ad63d53d0 JavaThread "pool-7-thread-2" [_thread_blocked, id=16044, stack(0x0000004ce6a00000,0x0000004ce6b00000)]
  0x0000019ad63d58e0 JavaThread "pool-7-thread-3" [_thread_blocked, id=25064, stack(0x0000004ce6b00000,0x0000004ce6c00000)]
  0x0000019ad63d9ab0 JavaThread "pool-7-thread-4" [_thread_blocked, id=19940, stack(0x0000004ce5000000,0x0000004ce5100000)]
  0x0000019ad63d95a0 JavaThread "pool-7-thread-5" [_thread_blocked, id=2408, stack(0x0000004ce6c00000,0x0000004ce6d00000)]
  0x0000019ad63d5df0 JavaThread "pool-7-thread-6" [_thread_blocked, id=17532, stack(0x0000004ce6d00000,0x0000004ce6e00000)]
  0x0000019ad63d44a0 JavaThread "pool-7-thread-7" [_thread_blocked, id=22116, stack(0x0000004ce3c00000,0x0000004ce3d00000)]
  0x0000019ad63d3f90 JavaThread "pool-7-thread-8" [_thread_blocked, id=22568, stack(0x0000004ce3d00000,0x0000004ce3e00000)]
  0x0000019ad63d8b80 JavaThread "pool-7-thread-9" [_thread_blocked, id=29284, stack(0x0000004ce6e00000,0x0000004ce6f00000)]
  0x0000019ad63d7740 JavaThread "pool-7-thread-10" [_thread_blocked, id=15688, stack(0x0000004ce6f00000,0x0000004ce7000000)]
  0x0000019ad5519360 JavaThread "RMI GC Daemon" daemon [_thread_blocked, id=3516, stack(0x0000004ce4600000,0x0000004ce4700000)]
  0x0000019ad5517500 JavaThread "RMI RenewClean-[localhost:65057]" daemon [_thread_blocked, id=6952, stack(0x0000004ce3500000,0x0000004ce3600000)]
  0x0000019ad5518430 JavaThread "JMX client heartbeat 5" daemon [_thread_blocked, id=31472, stack(0x0000004ce4700000,0x0000004ce4800000)]

Other Threads:
=>0x0000019acfaba3e0 VMThread "VM Thread" [stack: 0x0000004ce2900000,0x0000004ce2a00000] [id=28228]
  0x0000019acfd3e510 WatcherThread [stack: 0x0000004ce3300000,0x0000004ce3400000] [id=16956]
  0x0000019ac4ccff80 GCTaskThread "GC Thread#0" [stack: 0x0000004ce2400000,0x0000004ce2500000] [id=10480]
  0x0000019ad47fdf90 GCTaskThread "GC Thread#1" [stack: 0x0000004ce3600000,0x0000004ce3700000] [id=29464]
  0x0000019ad47fe250 GCTaskThread "GC Thread#2" [stack: 0x0000004ce3700000,0x0000004ce3800000] [id=17916]
  0x0000019ad47fe510 GCTaskThread "GC Thread#3" [stack: 0x0000004ce3800000,0x0000004ce3900000] [id=21636]
  0x0000019ad47fe7d0 GCTaskThread "GC Thread#4" [stack: 0x0000004ce3900000,0x0000004ce3a00000] [id=28860]
  0x0000019ad47fea90 GCTaskThread "GC Thread#5" [stack: 0x0000004ce3a00000,0x0000004ce3b00000] [id=5216]
  0x0000019ad4cf40b0 GCTaskThread "GC Thread#6" [stack: 0x0000004ce3e00000,0x0000004ce3f00000] [id=9768]
  0x0000019ad4d1e0e0 GCTaskThread "GC Thread#7" [stack: 0x0000004ce3f00000,0x0000004ce4000000] [id=9432]
  0x0000019ac4cd9df0 ConcurrentGCThread "G1 Main Marker" [stack: 0x0000004ce2500000,0x0000004ce2600000] [id=10892]
  0x0000019ac4cdb730 ConcurrentGCThread "G1 Conc#0" [stack: 0x0000004ce2600000,0x0000004ce2700000] [id=28988]
  0x0000019ad4df63a0 ConcurrentGCThread "G1 Conc#1" [stack: 0x0000004ce4000000,0x0000004ce4100000] [id=13448]
  0x0000019ac4d3e000 ConcurrentGCThread "G1 Refine#0" [stack: 0x0000004ce2700000,0x0000004ce2800000] [id=2440]
  0x0000019ac4d3e840 ConcurrentGCThread "G1 Service" [stack: 0x0000004ce2800000,0x0000004ce2900000] [id=22360]

Threads with active compile tasks:

VM state: at safepoint (normal execution)

VM Mutex/Monitor currently owned by a thread:  ([mutex/lock_event])
[0x0000019ac4c8f2f0] Threads_lock - owner thread: 0x0000019acfaba3e0
[0x0000019ac4c8f9b0] Heap_lock - owner thread: 0x0000019acfb14760

Heap address: 0x00000000c0000000, size: 1024 MB, Compressed Oops mode: 32-bit

CDS archive(s) not mapped
Compressed class space mapped at: 0x0000000100000000-0x0000000140000000, reserved size: 1073741824
Narrow klass base: 0x0000000000000000, Narrow klass shift: 3, Narrow klass range: 0x140000000

GC Precious Log:
 CPUs: 8 total, 8 available
 Memory: 16072M
 Large Page Support: Disabled
 NUMA Support: Disabled
 Compressed Oops: Enabled (32-bit)
 Heap Region Size: 1M
 Heap Min Capacity: 8M
 Heap Initial Capacity: 252M
 Heap Max Capacity: 1G
 Pre-touch: Disabled
 Parallel Workers: 8
 Concurrent Workers: 2
 Concurrent Refinement Workers: 8
 Periodic GC: Disabled

Heap:
 garbage-first heap   total 116736K, used 36635K [0x00000000c0000000, 0x0000000100000000)
  region size 1024K, 1 young (1024K), 0 survivors (0K)
 Metaspace       used 61094K, committed 61760K, reserved 1114112K
  class space    used 7660K, committed 7936K, reserved 1048576K

Heap Regions: E=young(eden), S=young(survivor), O=old, HS=humongous(starts), HC=humongous(continues), CS=collection set, F=free, OA=open archive, CA=closed archive, TAMS=top-at-mark-start (previous, next)
|   0|0x00000000c0000000, 0x00000000c0100000, 0x00000000c0100000|100%|HS|  |TAMS 0x00000000c0100000, 0x00000000c0000000| Untracked 
|   1|0x00000000c0100000, 0x00000000c0200000, 0x00000000c0200000|100%|HC|  |TAMS 0x00000000c0200000, 0x00000000c0100000| Untracked 
|   2|0x00000000c0200000, 0x00000000c0300000, 0x00000000c0300000|100%|HC|  |TAMS 0x00000000c0300000, 0x00000000c0200000| Untracked 
|   3|0x00000000c0300000, 0x00000000c0400000, 0x00000000c0400000|100%|HC|  |TAMS 0x00000000c0400000, 0x00000000c0300000| Untracked 
|   4|0x00000000c0400000, 0x00000000c04fffb8, 0x00000000c0500000| 99%| O|  |TAMS 0x00000000c04fffb8, 0x00000000c0400000| Untracked 
|   5|0x00000000c0500000, 0x00000000c05ffff8, 0x00000000c0600000| 99%| O|  |TAMS 0x00000000c05ffff8, 0x00000000c0500000| Untracked 
|   6|0x00000000c0600000, 0x00000000c06ffff0, 0x00000000c0700000| 99%| O|  |TAMS 0x00000000c06ffff0, 0x00000000c0600000| Untracked 
|   7|0x00000000c0700000, 0x00000000c0800000, 0x00000000c0800000|100%| O|  |TAMS 0x00000000c0800000, 0x00000000c0700000| Untracked 
|   8|0x00000000c0800000, 0x00000000c0900000, 0x00000000c0900000|100%| O|  |TAMS 0x00000000c0900000, 0x00000000c0800000| Untracked 
|   9|0x00000000c0900000, 0x00000000c09ffff0, 0x00000000c0a00000| 99%| O|  |TAMS 0x00000000c09ffff0, 0x00000000c0900000| Untracked 
|  10|0x00000000c0a00000, 0x00000000c0b00000, 0x00000000c0b00000|100%| O|  |TAMS 0x00000000c0b00000, 0x00000000c0a00000| Untracked 
|  11|0x00000000c0b00000, 0x00000000c0bfffd8, 0x00000000c0c00000| 99%| O|  |TAMS 0x00000000c0bfffd8, 0x00000000c0b00000| Untracked 
|  12|0x00000000c0c00000, 0x00000000c0d00000, 0x00000000c0d00000|100%| O|  |TAMS 0x00000000c0d00000, 0x00000000c0c00000| Untracked 
|  13|0x00000000c0d00000, 0x00000000c0dfffe0, 0x00000000c0e00000| 99%| O|  |TAMS 0x00000000c0dfffe0, 0x00000000c0d00000| Untracked 
|  14|0x00000000c0e00000, 0x00000000c0effff0, 0x00000000c0f00000| 99%| O|  |TAMS 0x00000000c0effff0, 0x00000000c0e00000| Untracked 
|  15|0x00000000c0f00000, 0x00000000c0fffff0, 0x00000000c1000000| 99%| O|  |TAMS 0x00000000c0fffff0, 0x00000000c0f00000| Untracked 
|  16|0x00000000c1000000, 0x00000000c10ffff0, 0x00000000c1100000| 99%| O|  |TAMS 0x00000000c10ffff0, 0x00000000c1000000| Untracked 
|  17|0x00000000c1100000, 0x00000000c1200000, 0x00000000c1200000|100%| O|  |TAMS 0x00000000c1200000, 0x00000000c1100000| Untracked 
|  18|0x00000000c1200000, 0x00000000c1300000, 0x00000000c1300000|100%| O|  |TAMS 0x00000000c1300000, 0x00000000c1200000| Untracked 
|  19|0x00000000c1300000, 0x00000000c13ffff0, 0x00000000c1400000| 99%| O|  |TAMS 0x00000000c13ffff0, 0x00000000c1300000| Untracked 
|  20|0x00000000c1400000, 0x00000000c1500000, 0x00000000c1500000|100%| O|  |TAMS 0x00000000c1500000, 0x00000000c1400000| Untracked 
|  21|0x00000000c1500000, 0x00000000c15ffff0, 0x00000000c1600000| 99%| O|  |TAMS 0x00000000c15ffff0, 0x00000000c1500000| Untracked 
|  22|0x00000000c1600000, 0x00000000c1700000, 0x00000000c1700000|100%| O|  |TAMS 0x00000000c1700000, 0x00000000c1600000| Untracked 
|  23|0x00000000c1700000, 0x00000000c17fffe8, 0x00000000c1800000| 99%| O|  |TAMS 0x00000000c17fffe8, 0x00000000c1700000| Untracked 
|  24|0x00000000c1800000, 0x00000000c1900000, 0x00000000c1900000|100%| O|  |TAMS 0x00000000c1900000, 0x00000000c1800000| Untracked 
|  25|0x00000000c1900000, 0x00000000c19fdcb8, 0x00000000c1a00000| 99%| O|  |TAMS 0x00000000c19fdcb8, 0x00000000c1900000| Untracked 
|  26|0x00000000c1a00000, 0x00000000c1afffe0, 0x00000000c1b00000| 99%| O|  |TAMS 0x00000000c1afffe0, 0x00000000c1a00000| Untracked 
|  27|0x00000000c1b00000, 0x00000000c1c00000, 0x00000000c1c00000|100%| O|  |TAMS 0x00000000c1c00000, 0x00000000c1b00000| Untracked 
|  28|0x00000000c1c00000, 0x00000000c1cfffe0, 0x00000000c1d00000| 99%| O|  |TAMS 0x00000000c1cfffe0, 0x00000000c1c00000| Untracked 
|  29|0x00000000c1d00000, 0x00000000c1dffdb8, 0x00000000c1e00000| 99%| O|  |TAMS 0x00000000c1dffdb8, 0x00000000c1d00000| Untracked 
|  30|0x00000000c1e00000, 0x00000000c1efffe0, 0x00000000c1f00000| 99%| O|  |TAMS 0x00000000c1efffe0, 0x00000000c1e00000| Untracked 
|  31|0x00000000c1f00000, 0x00000000c1ffffe8, 0x00000000c2000000| 99%| O|  |TAMS 0x00000000c1ffffe8, 0x00000000c1f00000| Untracked 
|  32|0x00000000c2000000, 0x00000000c20b52b0, 0x00000000c2100000| 70%| O|  |TAMS 0x00000000c2000000, 0x00000000c2000000| Untracked 
|  33|0x00000000c2100000, 0x00000000c2114198, 0x00000000c2200000|  7%| O|  |TAMS 0x00000000c2100000, 0x00000000c2100000| Untracked 
|  34|0x00000000c2200000, 0x00000000c2200000, 0x00000000c2300000|  0%| F|  |TAMS 0x00000000c2200000, 0x00000000c2200000| Untracked 
|  35|0x00000000c2300000, 0x00000000c2300000, 0x00000000c2400000|  0%| F|  |TAMS 0x00000000c2300000, 0x00000000c2300000| Untracked 
|  36|0x00000000c2400000, 0x00000000c2400000, 0x00000000c2500000|  0%| F|  |TAMS 0x00000000c2400000, 0x00000000c2400000| Untracked 
|  37|0x00000000c2500000, 0x00000000c2500000, 0x00000000c2600000|  0%| F|  |TAMS 0x00000000c2500000, 0x00000000c2500000| Untracked 
|  38|0x00000000c2600000, 0x00000000c2600000, 0x00000000c2700000|  0%| F|  |TAMS 0x00000000c2600000, 0x00000000c2600000| Untracked 
|  39|0x00000000c2700000, 0x00000000c2700000, 0x00000000c2800000|  0%| F|  |TAMS 0x00000000c2700000, 0x00000000c2700000| Untracked 
|  40|0x00000000c2800000, 0x00000000c2800000, 0x00000000c2900000|  0%| F|  |TAMS 0x00000000c2800000, 0x00000000c2800000| Untracked 
|  41|0x00000000c2900000, 0x00000000c2900000, 0x00000000c2a00000|  0%| F|  |TAMS 0x00000000c2900000, 0x00000000c2900000| Untracked 
|  42|0x00000000c2a00000, 0x00000000c2a00000, 0x00000000c2b00000|  0%| F|  |TAMS 0x00000000c2a00000, 0x00000000c2a00000| Untracked 
|  43|0x00000000c2b00000, 0x00000000c2c00000, 0x00000000c2c00000|100%|HS|  |TAMS 0x00000000c2c00000, 0x00000000c2b00000| Untracked 
|  44|0x00000000c2c00000, 0x00000000c2c00000, 0x00000000c2d00000|  0%| F|  |TAMS 0x00000000c2c00000, 0x00000000c2c00000| Untracked 
|  45|0x00000000c2d00000, 0x00000000c2d00000, 0x00000000c2e00000|  0%| F|  |TAMS 0x00000000c2d00000, 0x00000000c2d00000| Untracked 
|  46|0x00000000c2e00000, 0x00000000c2e00000, 0x00000000c2f00000|  0%| F|  |TAMS 0x00000000c2e00000, 0x00000000c2e00000| Untracked 
|  47|0x00000000c2f00000, 0x00000000c2f00000, 0x00000000c3000000|  0%| F|  |TAMS 0x00000000c2f00000, 0x00000000c2f00000| Untracked 
|  48|0x00000000c3000000, 0x00000000c3100000, 0x00000000c3100000|100%| O|  |TAMS 0x00000000c3100000, 0x00000000c3000000| Untracked 
|  49|0x00000000c3100000, 0x00000000c3100000, 0x00000000c3200000|  0%| F|  |TAMS 0x00000000c3100000, 0x00000000c3100000| Untracked 
|  50|0x00000000c3200000, 0x00000000c3300000, 0x00000000c3300000|100%| O|  |TAMS 0x00000000c3300000, 0x00000000c3200000| Untracked 
|  51|0x00000000c3300000, 0x00000000c3300000, 0x00000000c3400000|  0%| F|  |TAMS 0x00000000c3300000, 0x00000000c3300000| Untracked 
|  52|0x00000000c3400000, 0x00000000c3400000, 0x00000000c3500000|  0%| F|  |TAMS 0x00000000c3400000, 0x00000000c3400000| Untracked 
|  53|0x00000000c3500000, 0x00000000c3500000, 0x00000000c3600000|  0%| F|  |TAMS 0x00000000c3500000, 0x00000000c3500000| Untracked 
|  54|0x00000000c3600000, 0x00000000c3600000, 0x00000000c3700000|  0%| F|  |TAMS 0x00000000c3600000, 0x00000000c3600000| Untracked 
|  55|0x00000000c3700000, 0x00000000c3700000, 0x00000000c3800000|  0%| F|  |TAMS 0x00000000c3700000, 0x00000000c3700000| Untracked 
|  56|0x00000000c3800000, 0x00000000c3800000, 0x00000000c3900000|  0%| F|  |TAMS 0x00000000c3800000, 0x00000000c3800000| Untracked 
|  57|0x00000000c3900000, 0x00000000c3900000, 0x00000000c3a00000|  0%| F|  |TAMS 0x00000000c3900000, 0x00000000c3900000| Untracked 
|  58|0x00000000c3a00000, 0x00000000c3a00000, 0x00000000c3b00000|  0%| F|  |TAMS 0x00000000c3a00000, 0x00000000c3a00000| Untracked 
|  59|0x00000000c3b00000, 0x00000000c3b00000, 0x00000000c3c00000|  0%| F|  |TAMS 0x00000000c3b00000, 0x00000000c3b00000| Untracked 
|  60|0x00000000c3c00000, 0x00000000c3c00000, 0x00000000c3d00000|  0%| F|  |TAMS 0x00000000c3c00000, 0x00000000c3c00000| Untracked 
|  61|0x00000000c3d00000, 0x00000000c3d00000, 0x00000000c3e00000|  0%| F|  |TAMS 0x00000000c3d00000, 0x00000000c3d00000| Untracked 
|  62|0x00000000c3e00000, 0x00000000c3e00000, 0x00000000c3f00000|  0%| F|  |TAMS 0x00000000c3e00000, 0x00000000c3e00000| Untracked 
|  63|0x00000000c3f00000, 0x00000000c3f00000, 0x00000000c4000000|  0%| F|  |TAMS 0x00000000c3f00000, 0x00000000c3f00000| Untracked 
|  64|0x00000000c4000000, 0x00000000c4000000, 0x00000000c4100000|  0%| F|  |TAMS 0x00000000c4000000, 0x00000000c4000000| Untracked 
|  65|0x00000000c4100000, 0x00000000c4100000, 0x00000000c4200000|  0%| F|  |TAMS 0x00000000c4100000, 0x00000000c4100000| Untracked 
|  66|0x00000000c4200000, 0x00000000c4200000, 0x00000000c4300000|  0%| F|  |TAMS 0x00000000c4200000, 0x00000000c4200000| Untracked 
|  67|0x00000000c4300000, 0x00000000c4300000, 0x00000000c4400000|  0%| F|  |TAMS 0x00000000c4300000, 0x00000000c4300000| Untracked 
|  68|0x00000000c4400000, 0x00000000c4400000, 0x00000000c4500000|  0%| F|  |TAMS 0x00000000c4400000, 0x00000000c4400000| Untracked 
|  69|0x00000000c4500000, 0x00000000c4500000, 0x00000000c4600000|  0%| F|  |TAMS 0x00000000c4500000, 0x00000000c4500000| Untracked 
|  70|0x00000000c4600000, 0x00000000c4600000, 0x00000000c4700000|  0%| F|  |TAMS 0x00000000c4600000, 0x00000000c4600000| Untracked 
|  71|0x00000000c4700000, 0x00000000c4700000, 0x00000000c4800000|  0%| F|  |TAMS 0x00000000c4700000, 0x00000000c4700000| Untracked 
|  72|0x00000000c4800000, 0x00000000c4800000, 0x00000000c4900000|  0%| F|  |TAMS 0x00000000c4800000, 0x00000000c4800000| Untracked 
|  73|0x00000000c4900000, 0x00000000c4900000, 0x00000000c4a00000|  0%| F|  |TAMS 0x00000000c4900000, 0x00000000c4900000| Untracked 
|  74|0x00000000c4a00000, 0x00000000c4a00000, 0x00000000c4b00000|  0%| F|  |TAMS 0x00000000c4a00000, 0x00000000c4a00000| Untracked 
|  75|0x00000000c4b00000, 0x00000000c4b00000, 0x00000000c4c00000|  0%| F|  |TAMS 0x00000000c4b00000, 0x00000000c4b00000| Untracked 
|  76|0x00000000c4c00000, 0x00000000c4c00000, 0x00000000c4d00000|  0%| F|  |TAMS 0x00000000c4c00000, 0x00000000c4c00000| Untracked 
|  77|0x00000000c4d00000, 0x00000000c4d00000, 0x00000000c4e00000|  0%| F|  |TAMS 0x00000000c4d00000, 0x00000000c4d00000| Untracked 
|  78|0x00000000c4e00000, 0x00000000c4e00000, 0x00000000c4f00000|  0%| F|  |TAMS 0x00000000c4e00000, 0x00000000c4e00000| Untracked 
|  79|0x00000000c4f00000, 0x00000000c4f00000, 0x00000000c5000000|  0%| F|  |TAMS 0x00000000c4f00000, 0x00000000c4f00000| Untracked 
|  80|0x00000000c5000000, 0x00000000c5000000, 0x00000000c5100000|  0%| F|  |TAMS 0x00000000c5000000, 0x00000000c5000000| Untracked 
|  81|0x00000000c5100000, 0x00000000c5100000, 0x00000000c5200000|  0%| F|  |TAMS 0x00000000c5100000, 0x00000000c5100000| Untracked 
|  82|0x00000000c5200000, 0x00000000c5200000, 0x00000000c5300000|  0%| F|  |TAMS 0x00000000c5200000, 0x00000000c5200000| Untracked 
|  83|0x00000000c5300000, 0x00000000c5300000, 0x00000000c5400000|  0%| F|  |TAMS 0x00000000c5300000, 0x00000000c5300000| Untracked 
|  84|0x00000000c5400000, 0x00000000c5400000, 0x00000000c5500000|  0%| F|  |TAMS 0x00000000c5400000, 0x00000000c5400000| Untracked 
|  85|0x00000000c5500000, 0x00000000c5500000, 0x00000000c5600000|  0%| F|  |TAMS 0x00000000c5500000, 0x00000000c5500000| Untracked 
|  86|0x00000000c5600000, 0x00000000c5600000, 0x00000000c5700000|  0%| F|  |TAMS 0x00000000c5600000, 0x00000000c5600000| Untracked 
|  87|0x00000000c5700000, 0x00000000c5700000, 0x00000000c5800000|  0%| F|  |TAMS 0x00000000c5700000, 0x00000000c5700000| Untracked 
|  88|0x00000000c5800000, 0x00000000c5800000, 0x00000000c5900000|  0%| F|  |TAMS 0x00000000c5800000, 0x00000000c5800000| Untracked 
|  89|0x00000000c5900000, 0x00000000c5900000, 0x00000000c5a00000|  0%| F|  |TAMS 0x00000000c5900000, 0x00000000c5900000| Untracked 
|  90|0x00000000c5a00000, 0x00000000c5a00000, 0x00000000c5b00000|  0%| F|  |TAMS 0x00000000c5a00000, 0x00000000c5a00000| Untracked 
|  91|0x00000000c5b00000, 0x00000000c5b00000, 0x00000000c5c00000|  0%| F|  |TAMS 0x00000000c5b00000, 0x00000000c5b00000| Untracked 
|  92|0x00000000c5c00000, 0x00000000c5c00000, 0x00000000c5d00000|  0%| F|  |TAMS 0x00000000c5c00000, 0x00000000c5c00000| Untracked 
|  93|0x00000000c5d00000, 0x00000000c5d00000, 0x00000000c5e00000|  0%| F|  |TAMS 0x00000000c5d00000, 0x00000000c5d00000| Untracked 
|  94|0x00000000c5e00000, 0x00000000c5e00000, 0x00000000c5f00000|  0%| F|  |TAMS 0x00000000c5e00000, 0x00000000c5e00000| Untracked 
|  95|0x00000000c5f00000, 0x00000000c5f00000, 0x00000000c6000000|  0%| F|  |TAMS 0x00000000c5f00000, 0x00000000c5f00000| Untracked 
|  96|0x00000000c6000000, 0x00000000c6000000, 0x00000000c6100000|  0%| F|  |TAMS 0x00000000c6000000, 0x00000000c6000000| Untracked 
|  97|0x00000000c6100000, 0x00000000c6100000, 0x00000000c6200000|  0%| F|  |TAMS 0x00000000c6100000, 0x00000000c6100000| Untracked 
|  98|0x00000000c6200000, 0x00000000c6200000, 0x00000000c6300000|  0%| F|  |TAMS 0x00000000c6200000, 0x00000000c6200000| Untracked 
|  99|0x00000000c6300000, 0x00000000c6300000, 0x00000000c6400000|  0%| F|  |TAMS 0x00000000c6300000, 0x00000000c6300000| Untracked 
| 100|0x00000000c6400000, 0x00000000c6400000, 0x00000000c6500000|  0%| F|  |TAMS 0x00000000c6400000, 0x00000000c6400000| Untracked 
| 101|0x00000000c6500000, 0x00000000c6500000, 0x00000000c6600000|  0%| F|  |TAMS 0x00000000c6500000, 0x00000000c6500000| Untracked 
| 102|0x00000000c6600000, 0x00000000c6600000, 0x00000000c6700000|  0%| F|  |TAMS 0x00000000c6600000, 0x00000000c6600000| Untracked 
| 103|0x00000000c6700000, 0x00000000c6700000, 0x00000000c6800000|  0%| F|  |TAMS 0x00000000c6700000, 0x00000000c6700000| Untracked 
| 104|0x00000000c6800000, 0x00000000c6800000, 0x00000000c6900000|  0%| F|  |TAMS 0x00000000c6800000, 0x00000000c6800000| Untracked 
| 105|0x00000000c6900000, 0x00000000c6900000, 0x00000000c6a00000|  0%| F|  |TAMS 0x00000000c6900000, 0x00000000c6900000| Untracked 
| 106|0x00000000c6a00000, 0x00000000c6a00000, 0x00000000c6b00000|  0%| F|  |TAMS 0x00000000c6a00000, 0x00000000c6a00000| Untracked 
| 215|0x00000000cd700000, 0x00000000cd700000, 0x00000000cd800000|  0%| F|  |TAMS 0x00000000cd700000, 0x00000000cd700000| Untracked 
| 216|0x00000000cd800000, 0x00000000cd800000, 0x00000000cd900000|  0%| F|  |TAMS 0x00000000cd800000, 0x00000000cd800000| Untracked 
| 217|0x00000000cd900000, 0x00000000cd900000, 0x00000000cda00000|  0%| F|  |TAMS 0x00000000cd900000, 0x00000000cd900000| Untracked 
| 218|0x00000000cda00000, 0x00000000cda00000, 0x00000000cdb00000|  0%| F|  |TAMS 0x00000000cda00000, 0x00000000cda00000| Untracked 
| 219|0x00000000cdb00000, 0x00000000cdb00000, 0x00000000cdc00000|  0%| F|  |TAMS 0x00000000cdb00000, 0x00000000cdb00000| Untracked 
| 250|0x00000000cfa00000, 0x00000000cfa00000, 0x00000000cfb00000|  0%| F|  |TAMS 0x00000000cfa00000, 0x00000000cfa00000| Untracked 
| 251|0x00000000cfb00000, 0x00000000cfb54fb8, 0x00000000cfc00000| 33%| E|  |TAMS 0x00000000cfb00000, 0x00000000cfb00000| Complete 

Card table byte_map: [0x0000019acac30000,0x0000019acae30000] _byte_map_base: 0x0000019aca630000

Marking Bits (Prev, Next): (CMBitMap*) 0x0000019ac4cd04b0, (CMBitMap*) 0x0000019ac4cd04f0
 Prev Bits: [0x0000019acb030000, 0x0000019acc030000)
 Next Bits: [0x0000019acc030000, 0x0000019acd030000)

Polling page: 0x0000019ac2c10000

Metaspace:

Usage:
  Non-class:     52.18 MB used.
      Class:      7.48 MB used.
       Both:     59.66 MB used.

Virtual space:
  Non-class space:       64.00 MB reserved,      52.56 MB ( 82%) committed,  1 nodes.
      Class space:        1.00 GB reserved,       7.75 MB ( <1%) committed,  1 nodes.
             Both:        1.06 GB reserved,      60.31 MB (  6%) committed. 

Chunk freelists:
   Non-Class:  10.68 MB
       Class:  8.30 MB
        Both:  18.98 MB

MaxMetaspaceSize: unlimited
CompressedClassSpaceSize: 1.00 GB
Initial GC threshold: 21.00 MB
Current GC threshold: 100.44 MB
CDS: off
MetaspaceReclaimPolicy: balanced
 - commit_granule_bytes: 65536.
 - commit_granule_words: 8192.
 - virtual_space_node_default_size: 8388608.
 - enlarge_chunks_in_place: 1.
 - new_chunks_are_fully_committed: 0.
 - uncommit_free_chunks: 1.
 - use_allocation_guard: 0.
 - handle_deallocations: 1.


Internal statistics:

num_allocs_failed_limit: 6.
num_arena_births: 1508.
num_arena_deaths: 966.
num_vsnodes_births: 2.
num_vsnodes_deaths: 0.
num_space_committed: 965.
num_space_uncommitted: 0.
num_chunks_returned_to_freelist: 1348.
num_chunks_taken_from_freelist: 3845.
num_chunk_merges: 284.
num_chunk_splits: 2060.
num_chunks_enlarged: 1411.
num_inconsistent_stats: 0.

CodeCache: size=49152Kb used=14797Kb max_used=16310Kb free=34354Kb
 bounds [0x0000019ac7920000, 0x0000019ac8980000, 0x0000019aca920000]
 total_blobs=8869 nmethods=8192 adapters=603
 compilation: enabled
              stopped_count=0, restarted_count=0
 full_count=0

Compilation events (20 events):
Event: 16730.272 Thread 0x0000019ad66c99d0 8185       1       jdk.internal.reflect.ByteVectorImpl::trim (45 bytes)
Event: 16730.272 Thread 0x0000019ad64141b0 nmethod 8184 0x0000019ac877d790 code [0x0000019ac877d920, 0x0000019ac877da68]
Event: 16730.272 Thread 0x0000019ad64141b0 8186   !   1       jdk.internal.reflect.MethodAccessorGenerator$1::run (41 bytes)
Event: 16730.272 Thread 0x0000019ad66c99d0 nmethod 8185 0x0000019ac877d290 code [0x0000019ac877d440, 0x0000019ac877d6a8]
Event: 16730.272 Thread 0x0000019ad66c99d0 8187       1       jdk.internal.reflect.ClassDefiner::defineClass (33 bytes)
Event: 16730.272 Thread 0x0000019acfb1b1c0 nmethod 8183 0x0000019ac877ca10 code [0x0000019ac877cc00, 0x0000019ac877cfb8]
Event: 16730.272 Thread 0x0000019acfb1b1c0 8188       1       jdk.internal.reflect.ClassDefiner$1::<init> (10 bytes)
Event: 16730.273 Thread 0x0000019acfb1b1c0 nmethod 8188 0x0000019ac877c710 code [0x0000019ac877c8a0, 0x0000019ac877c9b8]
Event: 16730.273 Thread 0x0000019acfb1b1c0 8189       1       jdk.internal.reflect.ClassDefiner$1::run (5 bytes)
Event: 16730.273 Thread 0x0000019acfb1b1c0 nmethod 8189 0x0000019ac877c290 code [0x0000019ac877c440, 0x0000019ac877c5d8]
Event: 16730.273 Thread 0x0000019ad66c99d0 nmethod 8187 0x0000019ac877bc10 code [0x0000019ac877bde0, 0x0000019ac877c098]
Event: 16730.273 Thread 0x0000019acfb1b1c0 8190       1       jdk.internal.reflect.ClassDefiner$1::run (12 bytes)
Event: 16730.273 Thread 0x0000019ad66c99d0 8191       1       jdk.internal.reflect.DelegatingClassLoader::<init> (6 bytes)
Event: 16730.273 Thread 0x0000019ad66c99d0 nmethod 8191 0x0000019ac877b890 code [0x0000019ac877ba40, 0x0000019ac877bb58]
Event: 16730.273 Thread 0x0000019acfb1b1c0 nmethod 8190 0x0000019ac877b410 code [0x0000019ac877b5c0, 0x0000019ac877b758]
Event: 16730.274 Thread 0x0000019ad64141b0 nmethod 8186 0x0000019ac877a690 code [0x0000019ac877a8c0, 0x0000019ac877ae38]
Event: 17030.252 Thread 0x0000019acfb1b1c0 8192       1       sun.rmi.transport.StreamRemoteCall::getConnection (5 bytes)
Event: 17030.253 Thread 0x0000019acfb1b1c0 nmethod 8192 0x0000019ac877a390 code [0x0000019ac877a520, 0x0000019ac877a5f8]
Event: 18314.947 Thread 0x0000019acfb1b1c0 8193       1       sun.util.resources.Bundles$CacheKey::hashCode (5 bytes)
Event: 18314.947 Thread 0x0000019acfb1b1c0 nmethod 8193 0x0000019ac877a090 code [0x0000019ac877a220, 0x0000019ac877a2f8]

GC Heap History (20 events):
Event: 18242.036 GC heap before
{Heap before GC invocations=1675 (full 1655):
 garbage-first heap   total 116736K, used 36580K [0x00000000c0000000, 0x0000000100000000)
  region size 1024K, 1 young (1024K), 0 survivors (0K)
 Metaspace       used 61104K, committed 61760K, reserved 1114112K
  class space    used 7662K, committed 7936K, reserved 1048576K
}
Event: 18242.082 GC heap after
{Heap after GC invocations=1676 (full 1656):
 garbage-first heap   total 116736K, used 36580K [0x00000000c0000000, 0x0000000100000000)
  region size 1024K, 0 young (0K), 0 survivors (0K)
 Metaspace       used 61104K, committed 61760K, reserved 1114112K
  class space    used 7662K, committed 7936K, reserved 1048576K
}
Event: 18252.409 GC heap before
{Heap before GC invocations=1676 (full 1656):
 garbage-first heap   total 116736K, used 36580K [0x00000000c0000000, 0x0000000100000000)
  region size 1024K, 1 young (1024K), 0 survivors (0K)
 Metaspace       used 61104K, committed 61760K, reserved 1114112K
  class space    used 7662K, committed 7936K, reserved 1048576K
}
Event: 18252.449 GC heap after
{Heap after GC invocations=1677 (full 1657):
 garbage-first heap   total 116736K, used 36580K [0x00000000c0000000, 0x0000000100000000)
  region size 1024K, 0 young (0K), 0 survivors (0K)
 Metaspace       used 61104K, committed 61760K, reserved 1114112K
  class space    used 7662K, committed 7936K, reserved 1048576K
}
Event: 18262.770 GC heap before
{Heap before GC invocations=1677 (full 1657):
 garbage-first heap   total 116736K, used 36580K [0x00000000c0000000, 0x0000000100000000)
  region size 1024K, 1 young (1024K), 0 survivors (0K)
 Metaspace       used 61104K, committed 61760K, reserved 1114112K
  class space    used 7662K, committed 7936K, reserved 1048576K
}
Event: 18262.806 GC heap after
{Heap after GC invocations=1678 (full 1658):
 garbage-first heap   total 116736K, used 36580K [0x00000000c0000000, 0x0000000100000000)
  region size 1024K, 0 young (0K), 0 survivors (0K)
 Metaspace       used 61104K, committed 61760K, reserved 1114112K
  class space    used 7662K, committed 7936K, reserved 1048576K
}
Event: 18273.128 GC heap before
{Heap before GC invocations=1678 (full 1658):
 garbage-first heap   total 116736K, used 36580K [0x00000000c0000000, 0x0000000100000000)
  region size 1024K, 1 young (1024K), 0 survivors (0K)
 Metaspace       used 61104K, committed 61760K, reserved 1114112K
  class space    used 7662K, committed 7936K, reserved 1048576K
}
Event: 18273.160 GC heap after
{Heap after GC invocations=1679 (full 1659):
 garbage-first heap   total 116736K, used 36580K [0x00000000c0000000, 0x0000000100000000)
  region size 1024K, 0 young (0K), 0 survivors (0K)
 Metaspace       used 61104K, committed 61760K, reserved 1114112K
  class space    used 7662K, committed 7936K, reserved 1048576K
}
Event: 18283.446 GC heap before
{Heap before GC invocations=1679 (full 1659):
 garbage-first heap   total 116736K, used 36580K [0x00000000c0000000, 0x0000000100000000)
  region size 1024K, 1 young (1024K), 0 survivors (0K)
 Metaspace       used 61104K, committed 61760K, reserved 1114112K
  class space    used 7662K, committed 7936K, reserved 1048576K
}
Event: 18283.477 GC heap after
{Heap after GC invocations=1680 (full 1660):
 garbage-first heap   total 116736K, used 36580K [0x00000000c0000000, 0x0000000100000000)
  region size 1024K, 0 young (0K), 0 survivors (0K)
 Metaspace       used 61104K, committed 61760K, reserved 1114112K
  class space    used 7662K, committed 7936K, reserved 1048576K
}
Event: 18293.894 GC heap before
{Heap before GC invocations=1680 (full 1660):
 garbage-first heap   total 116736K, used 36580K [0x00000000c0000000, 0x0000000100000000)
  region size 1024K, 1 young (1024K), 0 survivors (0K)
 Metaspace       used 61104K, committed 61760K, reserved 1114112K
  class space    used 7662K, committed 7936K, reserved 1048576K
}
Event: 18293.941 GC heap after
{Heap after GC invocations=1681 (full 1661):
 garbage-first heap   total 116736K, used 36580K [0x00000000c0000000, 0x0000000100000000)
  region size 1024K, 0 young (0K), 0 survivors (0K)
 Metaspace       used 61104K, committed 61760K, reserved 1114112K
  class space    used 7662K, committed 7936K, reserved 1048576K
}
Event: 18304.228 GC heap before
{Heap before GC invocations=1681 (full 1661):
 garbage-first heap   total 116736K, used 36580K [0x00000000c0000000, 0x0000000100000000)
  region size 1024K, 1 young (1024K), 0 survivors (0K)
 Metaspace       used 61104K, committed 61760K, reserved 1114112K
  class space    used 7662K, committed 7936K, reserved 1048576K
}
Event: 18304.259 GC heap after
{Heap after GC invocations=1682 (full 1662):
 garbage-first heap   total 116736K, used 36580K [0x00000000c0000000, 0x0000000100000000)
  region size 1024K, 0 young (0K), 0 survivors (0K)
 Metaspace       used 61104K, committed 61760K, reserved 1114112K
  class space    used 7662K, committed 7936K, reserved 1048576K
}
Event: 18314.570 GC heap before
{Heap before GC invocations=1682 (full 1662):
 garbage-first heap   total 116736K, used 36580K [0x00000000c0000000, 0x0000000100000000)
  region size 1024K, 1 young (1024K), 0 survivors (0K)
 Metaspace       used 61104K, committed 61760K, reserved 1114112K
  class space    used 7662K, committed 7936K, reserved 1048576K
}
Event: 18314.610 GC heap after
{Heap after GC invocations=1683 (full 1663):
 garbage-first heap   total 116736K, used 36568K [0x00000000c0000000, 0x0000000100000000)
  region size 1024K, 0 young (0K), 0 survivors (0K)
 Metaspace       used 61094K, committed 61760K, reserved 1114112K
  class space    used 7660K, committed 7936K, reserved 1048576K
}
Event: 18324.907 GC heap before
{Heap before GC invocations=1683 (full 1663):
 garbage-first heap   total 116736K, used 36568K [0x00000000c0000000, 0x0000000100000000)
  region size 1024K, 1 young (1024K), 0 survivors (0K)
 Metaspace       used 61094K, committed 61760K, reserved 1114112K
  class space    used 7660K, committed 7936K, reserved 1048576K
}
Event: 18324.947 GC heap after
{Heap after GC invocations=1684 (full 1664):
 garbage-first heap   total 116736K, used 36635K [0x00000000c0000000, 0x0000000100000000)
  region size 1024K, 0 young (0K), 0 survivors (0K)
 Metaspace       used 61094K, committed 61760K, reserved 1114112K
  class space    used 7660K, committed 7936K, reserved 1048576K
}
Event: 18335.213 GC heap before
{Heap before GC invocations=1684 (full 1664):
 garbage-first heap   total 116736K, used 36635K [0x00000000c0000000, 0x0000000100000000)
  region size 1024K, 1 young (1024K), 0 survivors (0K)
 Metaspace       used 61094K, committed 61760K, reserved 1114112K
  class space    used 7660K, committed 7936K, reserved 1048576K
}
Event: 18335.252 GC heap after
{Heap after GC invocations=1685 (full 1665):
 garbage-first heap   total 116736K, used 36635K [0x00000000c0000000, 0x0000000100000000)
  region size 1024K, 0 young (0K), 0 survivors (0K)
 Metaspace       used 61094K, committed 61760K, reserved 1114112K
  class space    used 7660K, committed 7936K, reserved 1048576K
}

Dll operation events (11 events):
Event: 0.020 Loaded shared library c:\Users\rodriguezjuacam\.vscode\extensions\redhat.java-1.26.0-win32-x64\jre\17.0.9-win32-x86_64\bin\java.dll
Event: 1.349 Loaded shared library C:\Users\rodriguezjuacam\.vscode\extensions\redhat.java-1.26.0-win32-x64\jre\17.0.9-win32-x86_64\bin\net.dll
Event: 1.373 Loaded shared library C:\Users\rodriguezjuacam\.vscode\extensions\redhat.java-1.26.0-win32-x64\jre\17.0.9-win32-x86_64\bin\nio.dll
Event: 1.417 Loaded shared library C:\Users\rodriguezjuacam\.vscode\extensions\redhat.java-1.26.0-win32-x64\jre\17.0.9-win32-x86_64\bin\zip.dll
Event: 3.634 Loaded shared library C:\Users\rodriguezjuacam\.vscode\extensions\redhat.java-1.26.0-win32-x64\jre\17.0.9-win32-x86_64\bin\jimage.dll
Event: 13.115 Loaded shared library c:\Users\rodriguezjuacam\.vscode\extensions\redhat.java-1.26.0-win32-x64\jre\17.0.9-win32-x86_64\bin\verify.dll
Event: 14.298 Loaded shared library C:\Users\rodriguezjuacam\.vscode\extensions\redhat.java-1.26.0-win32-x64\jre\17.0.9-win32-x86_64\bin\management.dll
Event: 14.303 Loaded shared library C:\Users\rodriguezjuacam\.vscode\extensions\redhat.java-1.26.0-win32-x64\jre\17.0.9-win32-x86_64\bin\management_ext.dll
Event: 16.111 Loaded shared library C:\Users\rodriguezjuacam\.vscode\extensions\redhat.java-1.26.0-win32-x64\jre\17.0.9-win32-x86_64\bin\sunmscapi.dll
Event: 231.806 Loaded shared library C:\Users\rodriguezjuacam\.vscode\extensions\redhat.java-1.26.0-win32-x64\jre\17.0.9-win32-x86_64\bin\attach.dll
Event: 233.469 Loaded shared library C:\Users\rodriguezjuacam\.vscode\extensions\redhat.java-1.26.0-win32-x64\jre\17.0.9-win32-x86_64\bin\rmi.dll

Deoptimization events (20 events):
Event: 10.794 Thread 0x0000019ac4c92840 DEOPT PACKING pc=0x0000019ac7fa6955 sp=0x0000004ce23fe780
Event: 10.794 Thread 0x0000019ac4c92840 DEOPT UNPACKING pc=0x0000019ac797ace3 sp=0x0000004ce23fdc28 mode 3
Event: 14.827 Thread 0x0000019acfb14250 DEOPT PACKING pc=0x0000019ac813aa35 sp=0x0000004ce44fdcd0
Event: 14.827 Thread 0x0000019acfb14250 DEOPT UNPACKING pc=0x0000019ac797ace3 sp=0x0000004ce44fd1e8 mode 3
Event: 14.912 Thread 0x0000019acfb13d40 DEOPT PACKING pc=0x0000019ac7ed6681 sp=0x0000004ce43fd8b0
Event: 14.912 Thread 0x0000019acfb13d40 DEOPT UNPACKING pc=0x0000019ac797ace3 sp=0x0000004ce43fcd40 mode 3
Event: 14.931 Thread 0x0000019acfb14250 DEOPT PACKING pc=0x0000019ac7eb4197 sp=0x0000004ce44fece0
Event: 14.931 Thread 0x0000019acfb14250 DEOPT UNPACKING pc=0x0000019ac797ace3 sp=0x0000004ce44fe138 mode 3
Event: 16.251 Thread 0x0000019ad5519360 DEOPT PACKING pc=0x0000019ac7b0258c sp=0x0000004ce55fab10
Event: 16.251 Thread 0x0000019ad5519360 DEOPT UNPACKING pc=0x0000019ac797ace3 sp=0x0000004ce55f9fd8 mode 0
Event: 17.482 Thread 0x0000019ad5517a10 DEOPT PACKING pc=0x0000019ac83207ee sp=0x0000004ce4cfd600
Event: 17.482 Thread 0x0000019ad5517a10 DEOPT UNPACKING pc=0x0000019ac797ace3 sp=0x0000004ce4cfcaf8 mode 3
Event: 17.483 Thread 0x0000019ad5518e50 DEOPT PACKING pc=0x0000019ac83207ee sp=0x0000004ce57fd230
Event: 17.483 Thread 0x0000019ad5518e50 DEOPT UNPACKING pc=0x0000019ac797ace3 sp=0x0000004ce57fc728 mode 3
Event: 17.942 Thread 0x0000019ad551da40 DEOPT PACKING pc=0x0000019ac83f2d7d sp=0x0000004ce54fda20
Event: 17.942 Thread 0x0000019ad551da40 DEOPT UNPACKING pc=0x0000019ac797ace3 sp=0x0000004ce54fcfa0 mode 3
Event: 169.006 Thread 0x0000019acfb13d40 DEOPT PACKING pc=0x0000019ac7fb0d54 sp=0x0000004ce43feb80
Event: 169.006 Thread 0x0000019acfb13d40 DEOPT UNPACKING pc=0x0000019ac797ace3 sp=0x0000004ce43fe008 mode 0
Event: 1323.574 Thread 0x0000019ad5516ae0 DEOPT PACKING pc=0x0000019ac86269a0 sp=0x0000004ce49fdc20
Event: 1323.574 Thread 0x0000019ad5516ae0 DEOPT UNPACKING pc=0x0000019ac797ace3 sp=0x0000004ce49fd0a0 mode 3

Classes unloaded (20 events):
Event: 16482.346 Thread 0x0000019acfaba3e0 Unloading class 0x00000001007b0c00 'jdk/internal/reflect/GeneratedSerializationConstructorAccessor283'
Event: 16482.346 Thread 0x0000019acfaba3e0 Unloading class 0x0000000100408400 'jdk/internal/reflect/GeneratedSerializationConstructorAccessor282'
Event: 16802.190 Thread 0x0000019acfaba3e0 Unloading class 0x0000000100408400 'jdk/internal/reflect/GeneratedSerializationConstructorAccessor287'
Event: 16802.190 Thread 0x0000019acfaba3e0 Unloading class 0x00000001007b0c00 'jdk/internal/reflect/GeneratedSerializationConstructorAccessor286'
Event: 16802.190 Thread 0x0000019acfaba3e0 Unloading class 0x00000001007b1000 'jdk/internal/reflect/GeneratedSerializationConstructorAccessor285'
Event: 17118.025 Thread 0x0000019acfaba3e0 Unloading class 0x00000001007b1000 'jdk/internal/reflect/GeneratedSerializationConstructorAccessor290'
Event: 17118.025 Thread 0x0000019acfaba3e0 Unloading class 0x00000001007b0c00 'jdk/internal/reflect/GeneratedSerializationConstructorAccessor289'
Event: 17118.025 Thread 0x0000019acfaba3e0 Unloading class 0x0000000100408400 'jdk/internal/reflect/GeneratedSerializationConstructorAccessor288'
Event: 17421.164 Thread 0x0000019acfaba3e0 Unloading class 0x0000000100408400 'jdk/internal/reflect/GeneratedSerializationConstructorAccessor293'
Event: 17421.164 Thread 0x0000019acfaba3e0 Unloading class 0x00000001007b0c00 'jdk/internal/reflect/GeneratedSerializationConstructorAccessor292'
Event: 17421.164 Thread 0x0000019acfaba3e0 Unloading class 0x00000001007b1000 'jdk/internal/reflect/GeneratedSerializationConstructorAccessor291'
Event: 17723.108 Thread 0x0000019acfaba3e0 Unloading class 0x00000001007b1000 'jdk/internal/reflect/GeneratedSerializationConstructorAccessor296'
Event: 17723.108 Thread 0x0000019acfaba3e0 Unloading class 0x00000001007b0c00 'jdk/internal/reflect/GeneratedSerializationConstructorAccessor295'
Event: 17723.108 Thread 0x0000019acfaba3e0 Unloading class 0x0000000100408400 'jdk/internal/reflect/GeneratedSerializationConstructorAccessor294'
Event: 18014.396 Thread 0x0000019acfaba3e0 Unloading class 0x0000000100408400 'jdk/internal/reflect/GeneratedSerializationConstructorAccessor299'
Event: 18014.396 Thread 0x0000019acfaba3e0 Unloading class 0x00000001007b0c00 'jdk/internal/reflect/GeneratedSerializationConstructorAccessor298'
Event: 18014.396 Thread 0x0000019acfaba3e0 Unloading class 0x00000001007b1000 'jdk/internal/reflect/GeneratedSerializationConstructorAccessor297'
Event: 18314.586 Thread 0x0000019acfaba3e0 Unloading class 0x00000001007b1000 'jdk/internal/reflect/GeneratedSerializationConstructorAccessor302'
Event: 18314.586 Thread 0x0000019acfaba3e0 Unloading class 0x00000001007b0c00 'jdk/internal/reflect/GeneratedSerializationConstructorAccessor301'
Event: 18314.586 Thread 0x0000019acfaba3e0 Unloading class 0x0000000100408400 'jdk/internal/reflect/GeneratedSerializationConstructorAccessor300'

Classes redefined (0 events):
No events

Internal exceptions (20 events):
Event: 15530.237 Thread 0x0000019ad5517500 Exception <a 'java/lang/NoSuchMethodError'{0x00000000cfb04e48}: static [Ljava/rmi/server/ObjID;.<clinit>()V> (0x00000000cfb04e48) 
thrown [s\src\hotspot\share\prims\jni.cpp, line 1107]
Event: 15530.238 Thread 0x0000019ad5517500 Exception <a 'java/lang/NoSuchMethodError'{0x00000000cfb10960}: static [B.<clinit>()V> (0x00000000cfb10960) 
thrown [s\src\hotspot\share\prims\jni.cpp, line 1107]
Event: 15830.237 Thread 0x0000019ad5517500 Exception <a 'java/lang/NoSuchMethodError'{0x00000000cfb4bf98}: static [Ljava/rmi/server/ObjID;.<clinit>()V> (0x00000000cfb4bf98) 
thrown [s\src\hotspot\share\prims\jni.cpp, line 1107]
Event: 15830.239 Thread 0x0000019ad5517500 Exception <a 'java/lang/NoSuchMethodError'{0x00000000cfb57ab0}: static [B.<clinit>()V> (0x00000000cfb57ab0) 
thrown [s\src\hotspot\share\prims\jni.cpp, line 1107]
Event: 16130.239 Thread 0x0000019ad5517500 Exception <a 'java/lang/NoSuchMethodError'{0x00000000cfb49f88}: static [Ljava/rmi/server/ObjID;.<clinit>()V> (0x00000000cfb49f88) 
thrown [s\src\hotspot\share\prims\jni.cpp, line 1107]
Event: 16130.240 Thread 0x0000019ad5517500 Exception <a 'java/lang/NoSuchMethodError'{0x00000000cfb55aa0}: static [B.<clinit>()V> (0x00000000cfb55aa0) 
thrown [s\src\hotspot\share\prims\jni.cpp, line 1107]
Event: 16430.239 Thread 0x0000019ad5517500 Exception <a 'java/lang/NoSuchMethodError'{0x00000000cfbaae98}: static [Ljava/rmi/server/ObjID;.<clinit>()V> (0x00000000cfbaae98) 
thrown [s\src\hotspot\share\prims\jni.cpp, line 1107]
Event: 16430.241 Thread 0x0000019ad5517500 Exception <a 'java/lang/NoSuchMethodError'{0x00000000cfbb69b0}: static [B.<clinit>()V> (0x00000000cfbb69b0) 
thrown [s\src\hotspot\share\prims\jni.cpp, line 1107]
Event: 16730.241 Thread 0x0000019ad5517500 Exception <a 'java/lang/NoSuchMethodError'{0x00000000cfba8e88}: static [Ljava/rmi/server/ObjID;.<clinit>()V> (0x00000000cfba8e88) 
thrown [s\src\hotspot\share\prims\jni.cpp, line 1107]
Event: 16730.243 Thread 0x0000019ad5517500 Exception <a 'java/lang/NoSuchMethodError'{0x00000000cfbb49a0}: static [B.<clinit>()V> (0x00000000cfbb49a0) 
thrown [s\src\hotspot\share\prims\jni.cpp, line 1107]
Event: 17030.242 Thread 0x0000019ad5517500 Exception <a 'java/lang/NoSuchMethodError'{0x00000000cfb49f88}: static [Ljava/rmi/server/ObjID;.<clinit>()V> (0x00000000cfb49f88) 
thrown [s\src\hotspot\share\prims\jni.cpp, line 1107]
Event: 17030.248 Thread 0x0000019ad5517500 Exception <a 'java/lang/NoSuchMethodError'{0x00000000cfb55aa0}: static [B.<clinit>()V> (0x00000000cfb55aa0) 
thrown [s\src\hotspot\share\prims\jni.cpp, line 1107]
Event: 17330.244 Thread 0x0000019ad5517500 Exception <a 'java/lang/NoSuchMethodError'{0x00000000cfb462d8}: static [Ljava/rmi/server/ObjID;.<clinit>()V> (0x00000000cfb462d8) 
thrown [s\src\hotspot\share\prims\jni.cpp, line 1107]
Event: 17330.247 Thread 0x0000019ad5517500 Exception <a 'java/lang/NoSuchMethodError'{0x00000000cfb51df0}: static [B.<clinit>()V> (0x00000000cfb51df0) 
thrown [s\src\hotspot\share\prims\jni.cpp, line 1107]
Event: 17630.245 Thread 0x0000019ad5517500 Exception <a 'java/lang/NoSuchMethodError'{0x00000000cfb04e48}: static [Ljava/rmi/server/ObjID;.<clinit>()V> (0x00000000cfb04e48) 
thrown [s\src\hotspot\share\prims\jni.cpp, line 1107]
Event: 17630.247 Thread 0x0000019ad5517500 Exception <a 'java/lang/NoSuchMethodError'{0x00000000cfb10960}: static [B.<clinit>()V> (0x00000000cfb10960) 
thrown [s\src\hotspot\share\prims\jni.cpp, line 1107]
Event: 17930.247 Thread 0x0000019ad5517500 Exception <a 'java/lang/NoSuchMethodError'{0x00000000cfb49f88}: static [Ljava/rmi/server/ObjID;.<clinit>()V> (0x00000000cfb49f88) 
thrown [s\src\hotspot\share\prims\jni.cpp, line 1107]
Event: 17930.248 Thread 0x0000019ad5517500 Exception <a 'java/lang/NoSuchMethodError'{0x00000000cfb55aa0}: static [B.<clinit>()V> (0x00000000cfb55aa0) 
thrown [s\src\hotspot\share\prims\jni.cpp, line 1107]
Event: 18230.249 Thread 0x0000019ad5517500 Exception <a 'java/lang/NoSuchMethodError'{0x00000000cfb49f88}: static [Ljava/rmi/server/ObjID;.<clinit>()V> (0x00000000cfb49f88) 
thrown [s\src\hotspot\share\prims\jni.cpp, line 1107]
Event: 18230.251 Thread 0x0000019ad5517500 Exception <a 'java/lang/NoSuchMethodError'{0x00000000cfb55aa0}: static [B.<clinit>()V> (0x00000000cfb55aa0) 
thrown [s\src\hotspot\share\prims\jni.cpp, line 1107]

VM Operations (20 events):
Event: 18252.449 Executing VM operation: G1CollectFull done
Event: 18262.769 Executing VM operation: G1CollectFull
Event: 18262.807 Executing VM operation: G1CollectFull done
Event: 18273.128 Executing VM operation: G1CollectFull
Event: 18273.161 Executing VM operation: G1CollectFull done
Event: 18283.446 Executing VM operation: G1CollectFull
Event: 18283.477 Executing VM operation: G1CollectFull done
Event: 18293.894 Executing VM operation: G1CollectFull
Event: 18293.941 Executing VM operation: G1CollectFull done
Event: 18304.228 Executing VM operation: G1CollectFull
Event: 18304.259 Executing VM operation: G1CollectFull done
Event: 18314.570 Executing VM operation: G1CollectFull
Event: 18314.610 Executing VM operation: G1CollectFull done
Event: 18315.610 Executing VM operation: Cleanup
Event: 18315.610 Executing VM operation: Cleanup done
Event: 18324.907 Executing VM operation: G1CollectFull
Event: 18324.947 Executing VM operation: G1CollectFull done
Event: 18335.213 Executing VM operation: G1CollectFull
Event: 18335.253 Executing VM operation: G1CollectFull done
Event: 18345.551 Executing VM operation: G1CollectFull

Events (20 events):
Event: 10503.608 Thread 0x0000019ad551b6d0 Thread exited: 0x0000019ad551b6d0
Event: 10588.824 Thread 0x0000019ad5518e50 Thread exited: 0x0000019ad5518e50
Event: 10737.542 Thread 0x0000019ad551b6d0 Thread added: 0x0000019ad551b6d0
Event: 10809.921 Thread 0x0000019ad551b6d0 Thread exited: 0x0000019ad551b6d0
Event: 16274.161 Thread 0x0000019ad551d530 Thread added: 0x0000019ad551d530
Event: 16290.456 Thread 0x0000019ad5518940 Thread added: 0x0000019ad5518940
Event: 16290.456 Thread 0x0000019ad551b6d0 Thread added: 0x0000019ad551b6d0
Event: 16378.959 Thread 0x0000019ad551b6d0 Thread exited: 0x0000019ad551b6d0
Event: 16385.069 Thread 0x0000019ad5518940 Thread exited: 0x0000019ad5518940
Event: 16385.069 Thread 0x0000019ad551d530 Thread exited: 0x0000019ad551d530
Event: 16398.207 Thread 0x0000019ad551a290 Thread added: 0x0000019ad551a290
Event: 16458.211 Thread 0x0000019ad551a290 Thread exited: 0x0000019ad551a290
Event: 16559.579 Thread 0x0000019ad551d020 Thread added: 0x0000019ad551d020
Event: 16619.581 Thread 0x0000019ad551d020 Thread exited: 0x0000019ad551d020
Event: 16714.246 Thread 0x0000019ad551df50 Thread added: 0x0000019ad551df50
Event: 16730.271 Thread 0x0000019ad66c99d0 Thread added: 0x0000019ad66c99d0
Event: 16730.271 Thread 0x0000019ad64141b0 Thread added: 0x0000019ad64141b0
Event: 16735.274 Thread 0x0000019ad64141b0 Thread exited: 0x0000019ad64141b0
Event: 16740.273 Thread 0x0000019ad66c99d0 Thread exited: 0x0000019ad66c99d0
Event: 16789.387 Thread 0x0000019ad551df50 Thread exited: 0x0000019ad551df50


Dynamic libraries:
0x00007ff65ab50000 - 0x00007ff65ab5e000 	c:\Users\rodriguezjuacam\.vscode\extensions\redhat.java-1.26.0-win32-x64\jre\17.0.9-win32-x86_64\bin\java.exe
0x00007ffc3e5f0000 - 0x00007ffc3e7e8000 	C:\Windows\SYSTEM32\ntdll.dll
0x00007ffc3e4f0000 - 0x00007ffc3e5af000 	C:\Windows\System32\KERNEL32.DLL
0x00007ffc3c0c0000 - 0x00007ffc3c3b6000 	C:\Windows\System32\KERNELBASE.dll
0x000000006b600000 - 0x000000006b69e000 	C:\ProgramData\Symantec\Symantec Endpoint Protection\14.3.10148.8000.105\Data\Sysfer\x64\sysfer.dll
0x00007ffc3bd70000 - 0x00007ffc3be70000 	C:\Windows\System32\ucrtbase.dll
0x00007ffc1d8b0000 - 0x00007ffc1d8c7000 	c:\Users\rodriguezjuacam\.vscode\extensions\redhat.java-1.26.0-win32-x64\jre\17.0.9-win32-x86_64\bin\jli.dll
0x00007ffc3cd10000 - 0x00007ffc3cead000 	C:\Windows\System32\USER32.dll
0x00007ffc3c090000 - 0x00007ffc3c0b2000 	C:\Windows\System32\win32u.dll
0x00007ffc3dcf0000 - 0x00007ffc3dd1c000 	C:\Windows\System32\GDI32.dll
0x00007ffc3bf70000 - 0x00007ffc3c085000 	C:\Windows\System32\gdi32full.dll
0x00007ffc3bcd0000 - 0x00007ffc3bd6d000 	C:\Windows\System32\msvcp_win.dll
0x00007ffc16610000 - 0x00007ffc1662b000 	c:\Users\rodriguezjuacam\.vscode\extensions\redhat.java-1.26.0-win32-x64\jre\17.0.9-win32-x86_64\bin\VCRUNTIME140.dll
0x00007ffc1f5f0000 - 0x00007ffc1f88a000 	C:\Windows\WinSxS\amd64_microsoft.windows.common-controls_6595b64144ccf1df_6.0.19041.1110_none_60b5254171f9507e\COMCTL32.dll
0x00007ffc3db30000 - 0x00007ffc3dbce000 	C:\Windows\System32\msvcrt.dll
0x00007ffc3d190000 - 0x00007ffc3d1c0000 	C:\Windows\System32\IMM32.DLL
0x00007ffc32840000 - 0x00007ffc3284c000 	c:\Users\rodriguezjuacam\.vscode\extensions\redhat.java-1.26.0-win32-x64\jre\17.0.9-win32-x86_64\bin\vcruntime140_1.dll
0x00007ffc118a0000 - 0x00007ffc1192d000 	c:\Users\rodriguezjuacam\.vscode\extensions\redhat.java-1.26.0-win32-x64\jre\17.0.9-win32-x86_64\bin\msvcp140.dll
0x00007ffb98290000 - 0x00007ffb98ef1000 	c:\Users\rodriguezjuacam\.vscode\extensions\redhat.java-1.26.0-win32-x64\jre\17.0.9-win32-x86_64\bin\server\jvm.dll
0x00007ffc3c9f0000 - 0x00007ffc3ca9f000 	C:\Windows\System32\ADVAPI32.dll
0x00007ffc3ceb0000 - 0x00007ffc3cf4c000 	C:\Windows\System32\sechost.dll
0x00007ffc3c700000 - 0x00007ffc3c826000 	C:\Windows\System32\RPCRT4.dll
0x00007ffc3b1f0000 - 0x00007ffc3b23b000 	C:\Windows\SYSTEM32\POWRPROF.dll
0x00007ffc19550000 - 0x00007ffc19559000 	C:\Windows\SYSTEM32\WSOCK32.dll
0x00007ffc3d120000 - 0x00007ffc3d18b000 	C:\Windows\System32\WS2_32.dll
0x00007ffc195b0000 - 0x00007ffc195d7000 	C:\Windows\SYSTEM32\WINMM.dll
0x00007ffc2f4d0000 - 0x00007ffc2f4da000 	C:\Windows\SYSTEM32\VERSION.dll
0x00007ffc3b0b0000 - 0x00007ffc3b0c2000 	C:\Windows\SYSTEM32\UMPDC.dll
0x00007ffc3a5c0000 - 0x00007ffc3a5d2000 	C:\Windows\SYSTEM32\kernel.appcore.dll
0x00007ffc32790000 - 0x00007ffc3279a000 	c:\Users\rodriguezjuacam\.vscode\extensions\redhat.java-1.26.0-win32-x64\jre\17.0.9-win32-x86_64\bin\jimage.dll
0x00007ffc39840000 - 0x00007ffc39a24000 	C:\Windows\SYSTEM32\DBGHELP.DLL
0x00007ffc1ce10000 - 0x00007ffc1ce44000 	C:\Windows\SYSTEM32\dbgcore.DLL
0x00007ffc3c3c0000 - 0x00007ffc3c442000 	C:\Windows\System32\bcryptPrimitives.dll
0x00007ffbfbaa0000 - 0x00007ffbfbac5000 	c:\Users\rodriguezjuacam\.vscode\extensions\redhat.java-1.26.0-win32-x64\jre\17.0.9-win32-x86_64\bin\java.dll
0x00007ffc14270000 - 0x00007ffc14288000 	c:\Users\rodriguezjuacam\.vscode\extensions\redhat.java-1.26.0-win32-x64\jre\17.0.9-win32-x86_64\bin\zip.dll
0x00007ffc3dd40000 - 0x00007ffc3e484000 	C:\Windows\System32\SHELL32.dll
0x00007ffc39a30000 - 0x00007ffc3a1c3000 	C:\Windows\SYSTEM32\windows.storage.dll
0x00007ffc3d1d0000 - 0x00007ffc3d524000 	C:\Windows\System32\combase.dll
0x00007ffc3b630000 - 0x00007ffc3b65e000 	C:\Windows\SYSTEM32\Wldp.dll
0x00007ffc3c650000 - 0x00007ffc3c6fd000 	C:\Windows\System32\SHCORE.dll
0x00007ffc3d020000 - 0x00007ffc3d075000 	C:\Windows\System32\shlwapi.dll
0x00007ffc3bc00000 - 0x00007ffc3bc25000 	C:\Windows\SYSTEM32\profapi.dll
0x00007ffc11c00000 - 0x00007ffc11c19000 	C:\Users\rodriguezjuacam\.vscode\extensions\redhat.java-1.26.0-win32-x64\jre\17.0.9-win32-x86_64\bin\net.dll
0x00007ffc304b0000 - 0x00007ffc305ba000 	C:\Windows\SYSTEM32\WINHTTP.dll
0x00007ffc3b410000 - 0x00007ffc3b47a000 	C:\Windows\system32\mswsock.dll
0x00007ffc11a10000 - 0x00007ffc11a26000 	C:\Users\rodriguezjuacam\.vscode\extensions\redhat.java-1.26.0-win32-x64\jre\17.0.9-win32-x86_64\bin\nio.dll
0x00007ffc3b670000 - 0x00007ffc3b688000 	C:\Windows\SYSTEM32\CRYPTSP.dll
0x00007ffc3acd0000 - 0x00007ffc3ad04000 	C:\Windows\system32\rsaenh.dll
0x00007ffc3c450000 - 0x00007ffc3c477000 	C:\Windows\System32\bcrypt.dll
0x00007ffc3bbc0000 - 0x00007ffc3bbee000 	C:\Windows\SYSTEM32\USERENV.dll
0x00007ffc3b5a0000 - 0x00007ffc3b5ac000 	C:\Windows\SYSTEM32\CRYPTBASE.dll
0x00007ffc3b0d0000 - 0x00007ffc3b10b000 	C:\Windows\SYSTEM32\IPHLPAPI.DLL
0x00007ffc3d080000 - 0x00007ffc3d088000 	C:\Windows\System32\NSI.dll
0x00007ffc33000000 - 0x00007ffc33017000 	C:\Windows\SYSTEM32\dhcpcsvc6.DLL
0x00007ffc32e60000 - 0x00007ffc32e7d000 	C:\Windows\SYSTEM32\dhcpcsvc.DLL
0x00007ffc3b120000 - 0x00007ffc3b1ea000 	C:\Windows\SYSTEM32\DNSAPI.dll
0x00007ffc23890000 - 0x00007ffc238a0000 	c:\Users\rodriguezjuacam\.vscode\extensions\redhat.java-1.26.0-win32-x64\jre\17.0.9-win32-x86_64\bin\verify.dll
0x00007ffc1f9f0000 - 0x00007ffc1f9f9000 	C:\Users\rodriguezjuacam\.vscode\extensions\redhat.java-1.26.0-win32-x64\jre\17.0.9-win32-x86_64\bin\management.dll
0x00007ffc1e8e0000 - 0x00007ffc1e8eb000 	C:\Users\rodriguezjuacam\.vscode\extensions\redhat.java-1.26.0-win32-x64\jre\17.0.9-win32-x86_64\bin\management_ext.dll
0x00007ffc3c830000 - 0x00007ffc3c838000 	C:\Windows\System32\PSAPI.DLL
0x00007ffc1ab50000 - 0x00007ffc1ab5e000 	C:\Users\rodriguezjuacam\.vscode\extensions\redhat.java-1.26.0-win32-x64\jre\17.0.9-win32-x86_64\bin\sunmscapi.dll
0x00007ffc3c480000 - 0x00007ffc3c5de000 	C:\Windows\System32\CRYPT32.dll
0x00007ffc3b780000 - 0x00007ffc3b7a8000 	C:\Windows\SYSTEM32\ncrypt.dll
0x00007ffc3b740000 - 0x00007ffc3b77b000 	C:\Windows\SYSTEM32\NTASN1.dll
0x00007ffc2a8d0000 - 0x00007ffc2a8da000 	C:\Windows\System32\rasadhlp.dll
0x00007ffc366c0000 - 0x00007ffc36742000 	C:\Windows\System32\fwpuclnt.dll
0x00007ffc1e8f0000 - 0x00007ffc1e8f9000 	C:\Users\rodriguezjuacam\.vscode\extensions\redhat.java-1.26.0-win32-x64\jre\17.0.9-win32-x86_64\bin\attach.dll
0x00007ffc12140000 - 0x00007ffc12157000 	C:\Windows\system32\napinsp.dll
0x00007ffc12120000 - 0x00007ffc1213b000 	C:\Windows\system32\pnrpnsp.dll
0x00007ffc33480000 - 0x00007ffc33495000 	C:\Windows\system32\wshbth.dll
0x00007ffc38d30000 - 0x00007ffc38d4d000 	C:\Windows\system32\NLAapi.dll
0x00007ffc10750000 - 0x00007ffc10762000 	C:\Windows\System32\winrnr.dll
0x00007ffc14350000 - 0x00007ffc14357000 	C:\Users\rodriguezjuacam\.vscode\extensions\redhat.java-1.26.0-win32-x64\jre\17.0.9-win32-x86_64\bin\rmi.dll

dbghelp: loaded successfully - version: 4.0.5 - missing functions: none
symbol engine: initialized successfully - sym options: 0x614 - pdb path: .;c:\Users\rodriguezjuacam\.vscode\extensions\redhat.java-1.26.0-win32-x64\jre\17.0.9-win32-x86_64\bin;C:\Windows\SYSTEM32;C:\ProgramData\Symantec\Symantec Endpoint Protection\14.3.10148.8000.105\Data\Sysfer\x64;C:\Windows\WinSxS\amd64_microsoft.windows.common-controls_6595b64144ccf1df_6.0.19041.1110_none_60b5254171f9507e;c:\Users\rodriguezjuacam\.vscode\extensions\redhat.java-1.26.0-win32-x64\jre\17.0.9-win32-x86_64\bin\server

VM Arguments:
jvm_args: -XX:+HeapDumpOnOutOfMemoryError -Xmx1024m -Dsts.lsp.client=vscode -Dsts.log.file=/dev/null -XX:TieredStopAtLevel=1 -Xlog:jni+resolve=off -Dspring.config.location=file:c:\Users\rodriguezjuacam\.vscode\extensions\vmware.vscode-spring-boot-1.51.0\language-server\BOOT-INF\classes\application.properties 
java_command: org.springframework.ide.vscode.boot.app.BootLanguageServerBootApp
java_class_path (initial): c:\Users\rodriguezjuacam\.vscode\extensions\vmware.vscode-spring-boot-1.51.0\language-server\BOOT-INF\classes;c:\Users\rodriguezjuacam\.vscode\extensions\vmware.vscode-spring-boot-1.51.0\language-server\BOOT-INF\lib\annotations-24.1.0.jar;c:\Users\rodriguezjuacam\.vscode\extensions\vmware.vscode-spring-boot-1.51.0\language-server\BOOT-INF\lib\antlr-runtime-3.5.3.jar;c:\Users\rodriguezjuacam\.vscode\extensions\vmware.vscode-spring-boot-1.51.0\language-server\BOOT-INF\lib\antlr4-4.11.1.jar;c:\Users\rodriguezjuacam\.vscode\extensions\vmware.vscode-spring-boot-1.51.0\language-server\BOOT-INF\lib\antlr4-runtime-4.11.1.jar;c:\Users\rodriguezjuacam\.vscode\extensions\vmware.vscode-spring-boot-1.51.0\language-server\BOOT-INF\lib\asm-9.6.jar;c:\Users\rodriguezjuacam\.vscode\extensions\vmware.vscode-spring-boot-1.51.0\language-server\BOOT-INF\lib\asm-analysis-9.6.jar;c:\Users\rodriguezjuacam\.vscode\extensions\vmware.vscode-spring-boot-1.51.0\language-server\BOOT-INF\lib\asm-tree-9.6.jar;c:\Users\rodriguezjuacam\.vscode\extensions\vmware.vscode-spring-boot-1.51.0\language-server\BOOT-INF\lib\asm-util-9.6.jar;c:\Users\rodriguezjuacam\.vscode\extensions\vmware.vscode-spring-boot-1.51.0\language-server\BOOT-INF\lib\bosh-language-server-1.51.0-SNAPSHOT.jar;c:\Users\rodriguezjuacam\.vscode\extensions\vmware.vscode-spring-boot-1.51.0\language-server\BOOT-INF\lib\caffeine-3.1.8.jar;c:\Users\rodriguezjuacam\.vscode\extensions\vmware.vscode-spring-boot-1.51.0\language-server\BOOT-INF\lib\checker-qual-3.12.0.jar;c:\Users\rodriguezjuacam\.vscode\extensions\vmware.vscode-spring-boot-1.51.0\language-server\BOOT-INF\lib\classgraph-4.8.149.jar;c:\Users\rodriguezjuacam\.vscode\extensions\vmware.vscode-spring-boot-1.51.0\language-server\BOOT-INF\lib\commons-codec-1.15.jar;c:\Users\rodriguezjuacam\.vscode\extensions\vmware.vscode-spring-boot-1.51.0\language-server\BOOT-INF\lib\commons-compress-1.25.0.jar;c:\Users\rodriguezjuacam\.vscode\extensions\vmware.vscode-spr
Launcher Type: SUN_STANDARD

[Global flags]
     intx CICompilerCount                          = 4                                         {product} {ergonomic}
     uint ConcGCThreads                            = 2                                         {product} {ergonomic}
     uint G1ConcRefinementThreads                  = 8                                         {product} {ergonomic}
   size_t G1HeapRegionSize                         = 1048576                                   {product} {ergonomic}
    uintx GCDrainStackTargetSize                   = 64                                        {product} {ergonomic}
     bool HeapDumpOnOutOfMemoryError               = true                                   {manageable} {command line}
   size_t InitialHeapSize                          = 264241152                                 {product} {ergonomic}
   size_t MarkStackSize                            = 4194304                                   {product} {ergonomic}
   size_t MaxHeapSize                              = 1073741824                                {product} {command line}
   size_t MaxNewSize                               = 643825664                                 {product} {ergonomic}
   size_t MinHeapDeltaBytes                        = 1048576                                   {product} {ergonomic}
   size_t MinHeapSize                              = 8388608                                   {product} {ergonomic}
    uintx NonProfiledCodeHeapSize                  = 0                                      {pd product} {ergonomic}
     bool ProfileInterpreter                       = false                                  {pd product} {command line}
    uintx ProfiledCodeHeapSize                     = 0                                      {pd product} {ergonomic}
   size_t SoftMaxHeapSize                          = 1073741824                             {manageable} {ergonomic}
     intx TieredStopAtLevel                        = 1                                         {product} {command line}
     bool UseCompressedClassPointers               = true                           {product lp64_product} {ergonomic}
     bool UseCompressedOops                        = true                           {product lp64_product} {ergonomic}
     bool UseG1GC                                  = true                                      {product} {ergonomic}
     bool UseLargePagesIndividualAllocation        = false                                  {pd product} {ergonomic}

Logging:
Log output configuration:
 #0: stdout all=warning,jni+resolve=off uptime,level,tags
 #1: stderr all=off uptime,level,tags

Environment Variables:
PATH=C:\Program Files\Eclipse Adoptium\jdk-8.0.382.5-hotspot\bin;C:\Windows\system32;C:\Windows;C:\Windows\System32\Wbem;C:\Windows\System32\WindowsPowerShell\v1.0\;C:\Windows\System32\OpenSSH\;C:\Program Files (x86)\Sennheiser\SenncomSDK\;C:\Program Files\Git\cmd;C:\Users\rodriguezjuacam\AppData\Roaming\nvm;C:\Program Files\nodejs;C:\Program Files\Docker\Docker\resources\bin;C:\instantclient_19_10;C:\Users\rodriguezjuacam\AppData\Local\Microsoft\WindowsApps;C:\Users\rodriguezjuacam\AppData\Local\Programs\Microsoft VS Code\bin;C:\Users\rodriguezjuacam\AppData\Local\GitHubDesktop\bin;C:\Program Files (x86)\apache-maven-3.8.6\bin;C:\Users\rodriguezjuacam\AppData\Roaming\nvm;C:\Program Files\nodejs;
USERNAME=rodriguezjuacam
OS=Windows_NT
PROCESSOR_IDENTIFIER=Intel64 Family 6 Model 126 Stepping 5, GenuineIntel
TMP=C:\Users\RODRIG~1\AppData\Local\Temp
TEMP=C:\Users\RODRIG~1\AppData\Local\Temp



Periodic native trim disabled


---------------  S Y S T E M  ---------------

OS:
 Windows 10 , 64 bit Build 19041 (10.0.19041.3155)
OS uptime: 6 days 4:52 hours
Hyper-V role detected

CPU: total 8 (initial active 8) (4 cores per cpu, 2 threads per core) family 6 model 126 stepping 5 microcode 0xa0, cx8, cmov, fxsr, ht, mmx, 3dnowpref, sse, sse2, sse3, ssse3, sse4.1, sse4.2, popcnt, lzcnt, tsc, tscinvbit, avx, avx2, aes, erms, clmul, bmi1, bmi2, adx, avx512f, avx512dq, avx512cd, avx512bw, avx512vl, sha, fma, vzeroupper, avx512_vpopcntdq, avx512_vpclmulqdq, avx512_vaes, avx512_vnni, clflush, clflushopt, avx512_vbmi2, avx512_vbmi, hv
Processor Information for all 8 processors :
  Max Mhz: 1190, Current Mhz: 991, Mhz Limit: 987

Memory: 4k page, system-wide physical 16072M (1203M free)
TotalPageFile size 30696M (AvailPageFile size 349M)
current process WorkingSet (physical memory assigned to process): 151M, peak: 255M
current process commit charge ("private bytes"): 298M, peak: 363M

vm_info: OpenJDK 64-Bit Server VM (17.0.9+9) for windows-amd64 JRE (17.0.9+9), built on Oct 26 2023 14:01:42 by "admin" with MS VC++ 16.10 / 16.11 (VS2019)

END.
